[0.025s] Invoking command in '/home/ubuntu/ros2_ws/src/fusion_node/build/fusion_node': CMAKE_PREFIX_PATH=${CMAKE_PREFIX_PATH}:/home/ubuntu/ros2_ws/src/install/camera_node:/home/ubuntu/ros2_ws/src/install/left_node:/home/ubuntu/ros2_ws/src/install/right_node:/home/ubuntu/ros2_ws/src/install/lidar_node:/home/ubuntu/ros2_ws/src/install/imu_node:/home/ubuntu/ros2_ws/src/install/gps_node:/opt/ros/humble /usr/bin/cmake /home/ubuntu/ros2_ws/src/fusion_node -DCMAKE_INSTALL_PREFIX=/home/ubuntu/ros2_ws/src/fusion_node/install/fusion_node
[0.607s] -- The C compiler identification is GNU 11.4.0
[1.839s] -- The CXX compiler identification is GNU 11.4.0
[2.647s] -- Detecting C compiler ABI info
[3.064s] -- Detecting C compiler ABI info - done
[3.075s] -- Check for working C compiler: /usr/bin/cc - skipped
[3.078s] -- Detecting C compile features
[3.080s] -- Detecting C compile features - done
[3.086s] -- Detecting CXX compiler ABI info
[3.395s] -- Detecting CXX compiler ABI info - done
[3.406s] -- Check for working CXX compiler: /usr/bin/c++ - skipped
[3.406s] -- Detecting CXX compile features
[3.407s] -- Detecting CXX compile features - done
[3.457s] -- Found ament_cmake: 1.3.11 (/opt/ros/humble/share/ament_cmake/cmake)
[4.007s] -- Found Python3: /usr/bin/python3 (found version "3.10.12") found components: Interpreter 
[4.225s] -- Found rclpy: 3.3.16 (/opt/ros/humble/share/rclpy/cmake)
[4.232s] -- Found sensor_msgs: 4.8.0 (/opt/ros/humble/share/sensor_msgs/cmake)
[4.699s] -- Found rosidl_generator_c: 3.1.6 (/opt/ros/humble/share/rosidl_generator_c/cmake)
[4.718s] -- Found rosidl_adapter: 3.1.6 (/opt/ros/humble/share/rosidl_adapter/cmake)
[4.748s] -- Found rosidl_generator_cpp: 3.1.6 (/opt/ros/humble/share/rosidl_generator_cpp/cmake)
[4.794s] -- Using all available rosidl_typesupport_c: rosidl_typesupport_fastrtps_c;rosidl_typesupport_introspection_c
[4.839s] -- Using all available rosidl_typesupport_cpp: rosidl_typesupport_fastrtps_cpp;rosidl_typesupport_introspection_cpp
[4.988s] -- Found nav_msgs: 4.8.0 (/opt/ros/humble/share/nav_msgs/cmake)
[5.026s] -- Found cv_bridge: 3.2.1 (/opt/ros/humble/share/cv_bridge/cmake)
[5.173s] [31mCMake Error at /opt/ros/humble/share/ament_cmake_python/cmake/ament_python_install_package.cmake:66 (message):
[5.173s]   ament_python_install_package() the Python package folder
[5.174s]   '/home/ubuntu/ros2_ws/src/fusion_node/fusion_node' doesn't contain an
[5.174s]   '__init__.py' file
[5.174s] Call Stack (most recent call first):
[5.174s]   /opt/ros/humble/share/ament_cmake_python/cmake/ament_python_install_package.cmake:39 (_ament_cmake_python_install_package)
[5.174s]   CMakeLists.txt:27 (ament_python_install_package)
[5.174s] 
[5.174s] [0m
[5.174s] -- Configuring incomplete, errors occurred!
[5.174s] See also "/home/ubuntu/ros2_ws/src/fusion_node/build/fusion_node/CMakeFiles/CMakeOutput.log".
[5.183s] Invoked command in '/home/ubuntu/ros2_ws/src/fusion_node/build/fusion_node' returned '1': CMAKE_PREFIX_PATH=${CMAKE_PREFIX_PATH}:/home/ubuntu/ros2_ws/src/install/camera_node:/home/ubuntu/ros2_ws/src/install/left_node:/home/ubuntu/ros2_ws/src/install/right_node:/home/ubuntu/ros2_ws/src/install/lidar_node:/home/ubuntu/ros2_ws/src/install/imu_node:/home/ubuntu/ros2_ws/src/install/gps_node:/opt/ros/humble /usr/bin/cmake /home/ubuntu/ros2_ws/src/fusion_node -DCMAKE_INSTALL_PREFIX=/home/ubuntu/ros2_ws/src/fusion_node/install/fusion_node
